*** Using Compiler 'V5.06 update 7 (build 960)', folder: 'D:\software\Keil\core\ARM\ARM_Compiler_5.06u7\Bin'
Build target 'Task_CAN_Drive_djMotor'
compiling can.c...
../Core/Src/can.c(192): error:  #134: expected a field name
  }
../Core/Src/can.c(192): error:  #65: expected a ";"
  }
../Core/Src/can.c(235): warning:  #177-D: variable "CAN_Message_Rx"  was declared but never referenced
     CAN_Message_t CAN_Message_Rx;
../Core/Src/can.c: 1 warning, 2 errors
"Task_CAN_Drive_djMotor\Task_CAN_Drive_djMotor.axf" - 2 Error(s), 1 Warning(s).
Target not created.
Build Time Elapsed:  00:00:02
